#
# There is insufficient memory for the Java Runtime Environment to continue.
# Native memory allocation (malloc) failed to allocate 1048576 bytes. Error detail: AllocateHeap
# Possible reasons:
#   The system is out of physical RAM or swap space
#   This process is running with CompressedOops enabled, and the Java Heap may be blocking the growth of the native heap
# Possible solutions:
#   Reduce memory load on the system
#   Increase physical memory or swap space
#   Check if swap backing store is full
#   Decrease Java heap size (-Xmx/-Xms)
#   Decrease number of Java threads
#   Decrease Java thread stack sizes (-Xss)
#   Set larger code cache with -XX:ReservedCodeCacheSize=
#   JVM is running with Unscaled Compressed Oops mode in which the Java heap is
#     placed in the first 4GB address space. The Java Heap base address is the
#     maximum limit for the native heap growth. Please use -XX:HeapBaseMinAddress
#     to set the Java Heap base and to place the Java Heap above 4GB virtual address.
# This output file may be truncated or incomplete.
#
#  Out of Memory Error (allocation.cpp:44), pid=12228, tid=14156
#
# JRE version: OpenJDK Runtime Environment Temurin-21.0.9+10 (21.0.9+10) (build 21.0.9+10-LTS)
# Java VM: OpenJDK 64-Bit Server VM Temurin-21.0.9+10 (21.0.9+10-LTS, mixed mode, sharing, tiered, compressed oops, compressed class ptrs, parallel gc, windows-amd64)
# No core dump will be written. Minidumps are not enabled by default on client versions of Windows
#

---------------  S U M M A R Y ------------

Command Line: --add-modules=ALL-SYSTEM --add-opens=java.base/java.util=ALL-UNNAMED --add-opens=java.base/java.lang=ALL-UNNAMED --add-opens=java.base/sun.nio.fs=ALL-UNNAMED -Declipse.application=org.eclipse.jdt.ls.core.id1 -Dosgi.bundles.defaultStartLevel=4 -Declipse.product=org.eclipse.jdt.ls.core.product -Djava.import.generatesMetadataFilesAtProjectRoot=false -DDetectVMInstallationsJob.disabled=true -Dfile.encoding=utf8 -XX:+UseParallelGC -XX:GCTimeRatio=4 -XX:AdaptiveSizePolicyWeight=90 -Dsun.zip.disableMemoryMapping=true -Xmx2G -Xms100m -Xlog:disable -javaagent:c:\Users\saket\.vscode\extensions\redhat.java-1.50.0-win32-x64\lombok\lombok-1.18.39-4050.jar -XX:+HeapDumpOnOutOfMemoryError -XX:HeapDumpPath=c:\Users\saket\AppData\Roaming\Code\User\workspaceStorage\a3b13bd575ef0c2d254deaca6e04fc43\redhat.java -Daether.dependencyCollector.impl=bf c:\Users\saket\.vscode\extensions\redhat.java-1.50.0-win32-x64\server\plugins\org.eclipse.equinox.launcher_1.7.100.v20251111-0406.jar -configuration c:\Users\saket\AppData\Roaming\Code\User\globalStorage\redhat.java\1.50.0\config_win -data c:\Users\saket\AppData\Roaming\Code\User\workspaceStorage\a3b13bd575ef0c2d254deaca6e04fc43\redhat.java\jdt_ws --pipe=\\.\pipe\lsp-68bf8db4d680efa71ff68c4f2a3ba3d2-sock

Host: Intel(R) Core(TM) i5-7300HQ CPU @ 2.50GHz, 4 cores, 7G,  Windows 10 , 64 bit Build 19041 (10.0.19041.5915)
Time: Thu Dec 18 14:52:30 2025 India Standard Time elapsed time: 184236.421659 seconds (2d 3h 10m 36s)

---------------  T H R E A D  ---------------

Current thread (0x000002733642dda0):  JavaThread "Attach Listener" daemon [_thread_in_vm, id=14156, stack(0x000000c588900000,0x000000c588a00000) (1024K)]

Stack: [0x000000c588900000,0x000000c588a00000]
Native frames: (J=compiled Java code, j=interpreted, Vv=VM code, C=native code)
V  [jvm.dll+0x6d6e29]
V  [jvm.dll+0x8b4b76]
V  [jvm.dll+0x8b712e]
V  [jvm.dll+0x8b7813]
V  [jvm.dll+0x283d86]
V  [jvm.dll+0xc1277]
V  [jvm.dll+0x6d76d9]
V  [jvm.dll+0x133466]
V  [jvm.dll+0x3f7ea6]
V  [jvm.dll+0x85e9ad]
V  [jvm.dll+0x6d565d]
C  [ucrtbase.dll+0x21bb2]
C  [KERNEL32.DLL+0x17374]
C  [ntdll.dll+0x4cc91]


---------------  P R O C E S S  ---------------

Threads class SMR info:
_java_thread_list=0x0000027300875600, length=31, elements={
0x000002731d773570, 0x000002733642a4d0, 0x000002733642bd30, 0x000002733642cc40,
0x000002733642dda0, 0x0000027336431360, 0x0000027336432dc0, 0x0000027336433e70,
0x00000273364a68c0, 0x000002737822c420, 0x000002737838f370, 0x0000027378a9c1c0,
0x0000027378a8a0e0, 0x0000027378a89670, 0x0000027336496d00, 0x00000273784ec2f0,
0x00000273784ea8b0, 0x00000273784ec980, 0x00000273784e9b90, 0x000002737eb9b770,
0x000002737eb9ded0, 0x000002737eb9e560, 0x000002737eb9ebf0, 0x000002737eb9be00,
0x000002737eb9b0e0, 0x000002737eb9f280, 0x000002737eb982f0, 0x000002737eb9f910,
0x000002737e83cbe0, 0x00000273784ed010, 0x00000273784eaf40
}

Java Threads: ( => current thread )
  0x000002731d773570 JavaThread "main"                              [_thread_blocked, id=5480, stack(0x000000c588200000,0x000000c588300000) (1024K)]
  0x000002733642a4d0 JavaThread "Reference Handler"          daemon [_thread_blocked, id=1604, stack(0x000000c588600000,0x000000c588700000) (1024K)]
  0x000002733642bd30 JavaThread "Finalizer"                  daemon [_thread_blocked, id=16964, stack(0x000000c588700000,0x000000c588800000) (1024K)]
  0x000002733642cc40 JavaThread "Signal Dispatcher"          daemon [_thread_blocked, id=22420, stack(0x000000c588800000,0x000000c588900000) (1024K)]
=>0x000002733642dda0 JavaThread "Attach Listener"            daemon [_thread_in_vm, id=14156, stack(0x000000c588900000,0x000000c588a00000) (1024K)]
  0x0000027336431360 JavaThread "Service Thread"             daemon [_thread_blocked, id=612, stack(0x000000c588a00000,0x000000c588b00000) (1024K)]
  0x0000027336432dc0 JavaThread "Monitor Deflation Thread"   daemon [_thread_blocked, id=22716, stack(0x000000c588b00000,0x000000c588c00000) (1024K)]
  0x0000027336433e70 JavaThread "C2 CompilerThread0"         daemon [_thread_blocked, id=21796, stack(0x000000c588c00000,0x000000c588d00000) (1024K)]
  0x00000273364a68c0 JavaThread "C1 CompilerThread0"         daemon [_thread_blocked, id=18224, stack(0x000000c588d00000,0x000000c588e00000) (1024K)]
  0x000002737822c420 JavaThread "Common-Cleaner"             daemon [_thread_blocked, id=2444, stack(0x000000c588e00000,0x000000c588f00000) (1024K)]
  0x000002737838f370 JavaThread "Notification Thread"        daemon [_thread_blocked, id=20620, stack(0x000000c588f00000,0x000000c589000000) (1024K)]
  0x0000027378a9c1c0 JavaThread "Active Thread: Equinox Container: 89ac5dc5-deca-4ab1-977b-bc9b3b32c13f"        [_thread_blocked, id=10232, stack(0x000000c589000000,0x000000c589100000) (1024K)]
  0x0000027378a8a0e0 JavaThread "Framework Event Dispatcher: Equinox Container: 89ac5dc5-deca-4ab1-977b-bc9b3b32c13f" daemon [_thread_blocked, id=14464, stack(0x000000c589400000,0x000000c589500000) (1024K)]
  0x0000027378a89670 JavaThread "Start Level: Equinox Container: 89ac5dc5-deca-4ab1-977b-bc9b3b32c13f" daemon [_thread_blocked, id=23760, stack(0x000000c589500000,0x000000c589600000) (1024K)]
  0x0000027336496d00 JavaThread "Refresh Thread: Equinox Container: 89ac5dc5-deca-4ab1-977b-bc9b3b32c13f" daemon [_thread_blocked, id=25220, stack(0x000000c589600000,0x000000c589700000) (1024K)]
  0x00000273784ec2f0 JavaThread "Bundle File Closer"         daemon [_thread_blocked, id=3628, stack(0x000000c589700000,0x000000c589800000) (1024K)]
  0x00000273784ea8b0 JavaThread "SCR Component Actor"        daemon [_thread_blocked, id=5748, stack(0x000000c588000000,0x000000c588100000) (1024K)]
  0x00000273784ec980 JavaThread "Worker-JM"                         [_thread_blocked, id=2708, stack(0x000000c588100000,0x000000c588200000) (1024K)]
  0x00000273784e9b90 JavaThread "Java indexing"              daemon [_thread_blocked, id=7604, stack(0x000000c589e00000,0x000000c589f00000) (1024K)]
  0x000002737eb9b770 JavaThread "JNA Cleaner"                daemon [_thread_blocked, id=9656, stack(0x000000c589d00000,0x000000c589e00000) (1024K)]
  0x000002737eb9ded0 JavaThread "Thread-1"                   daemon [_thread_in_native, id=3304, stack(0x000000c58a300000,0x000000c58a400000) (1024K)]
  0x000002737eb9e560 JavaThread "Thread-2"                   daemon [_thread_in_native, id=21512, stack(0x000000c58a400000,0x000000c58a500000) (1024K)]
  0x000002737eb9ebf0 JavaThread "Thread-3"                   daemon [_thread_in_native, id=21564, stack(0x000000c58a500000,0x000000c58a600000) (1024K)]
  0x000002737eb9be00 JavaThread "Thread-4"                   daemon [_thread_in_native, id=6424, stack(0x000000c58a600000,0x000000c58a700000) (1024K)]
  0x000002737eb9b0e0 JavaThread "Thread-5"                   daemon [_thread_in_native, id=23860, stack(0x000000c58a700000,0x000000c58a800000) (1024K)]
  0x000002737eb9f280 JavaThread "pool-2-thread-1"                   [_thread_blocked, id=9532, stack(0x000000c58a800000,0x000000c58a900000) (1024K)]
  0x000002737eb982f0 JavaThread "WorkspaceEventsHandler"            [_thread_blocked, id=15252, stack(0x000000c58a900000,0x000000c58aa00000) (1024K)]
  0x000002737eb9f910 JavaThread "pool-1-thread-1"                   [_thread_blocked, id=4272, stack(0x000000c58aa00000,0x000000c58ab00000) (1024K)]
  0x000002737e83cbe0 JavaThread "Cleaner-0"                  daemon [_thread_blocked, id=16348, stack(0x000000c589b00000,0x000000c589c00000) (1024K)]
  0x00000273784ed010 JavaThread "Worker-11"                         [_thread_blocked, id=2016, stack(0x000000c589800000,0x000000c589900000) (1024K)]
  0x00000273784eaf40 JavaThread "Worker-12"                         [_thread_blocked, id=20248, stack(0x000000c589900000,0x000000c589a00000) (1024K)]
Total: 31

Other Threads:
  0x000002733640f970 VMThread "VM Thread"                           [id=17460, stack(0x000000c588500000,0x000000c588600000) (1024K)]
  0x000002731fb05b30 WatcherThread "VM Periodic Task Thread"        [id=6356, stack(0x000000c588400000,0x000000c588500000) (1024K)]
  0x000002731fa5ea20 WorkerThread "GC Thread#0"                     [id=14280, stack(0x000000c588300000,0x000000c588400000) (1024K)]
  0x000002737879bd90 WorkerThread "GC Thread#1"                     [id=4352, stack(0x000000c589100000,0x000000c589200000) (1024K)]
  0x000002737882e740 WorkerThread "GC Thread#2"                     [id=13072, stack(0x000000c589200000,0x000000c589300000) (1024K)]
  0x000002737882eae0 WorkerThread "GC Thread#3"                     [id=8976, stack(0x000000c589300000,0x000000c589400000) (1024K)]
Total: 6

Threads with active compile tasks:
Total: 0

VM state: not at safepoint (normal execution)

VM Mutex/Monitor currently owned by a thread: None

Heap address: 0x0000000080000000, size: 2048 MB, Compressed Oops mode: 32-bit

CDS archive(s) mapped at: [0x0000027337000000-0x0000027337ba0000-0x0000027337ba0000), size 12189696, SharedBaseAddress: 0x0000027337000000, ArchiveRelocationMode: 1.
Compressed class space mapped at: 0x0000027338000000-0x0000027378000000, reserved size: 1073741824
Narrow klass base: 0x0000027337000000, Narrow klass shift: 0, Narrow klass range: 0x100000000

GC Precious Log:
 CardTable entry size: 512
 CPUs: 4 total, 4 available
 Memory: 8077M
 Large Page Support: Disabled
 NUMA Support: Disabled
 Compressed Oops: Enabled (32-bit)
 Alignments: Space 512K, Generation 512K, Heap 2M
 Heap Min Capacity: 100M
 Heap Initial Capacity: 100M
 Heap Max Capacity: 2G
 Pre-touch: Disabled
 Parallel Workers: 4

Heap:
 PSYoungGen      total 4608K, used 4022K [0x00000000d5580000, 0x00000000d5d80000, 0x0000000100000000)
  eden space 4096K, 93% used [0x00000000d5580000,0x00000000d593db08,0x00000000d5980000)
  from space 512K, 37% used [0x00000000d5c80000,0x00000000d5cb0000,0x00000000d5d00000)
  to   space 512K, 0% used [0x00000000d5d00000,0x00000000d5d00000,0x00000000d5d80000)
 ParOldGen       total 413696K, used 321270K [0x0000000080000000, 0x0000000099400000, 0x00000000d5580000)
  object space 413696K, 77% used [0x0000000080000000,0x00000000939bd840,0x0000000099400000)
 Metaspace       used 75079K, committed 76544K, reserved 1179648K
  class space    used 7974K, committed 8640K, reserved 1048576K

Card table byte_map: [0x000002731f410000,0x000002731f820000] _byte_map_base: 0x000002731f010000

Marking Bits: (ParMarkBitMap*) 0x00007ffbf2f02460
 Begin Bits: [0x0000027331f00000, 0x0000027333f00000)
 End Bits:   [0x0000027333f00000, 0x0000027335f00000)

Polling page: 0x000002731dae0000

Metaspace:

Usage:
  Non-class:     65.53 MB used.
      Class:      7.79 MB used.
       Both:     73.32 MB used.

Virtual space:
  Non-class space:      128.00 MB reserved,      66.31 MB ( 52%) committed,  2 nodes.
      Class space:        1.00 GB reserved,       8.44 MB ( <1%) committed,  1 nodes.
             Both:        1.12 GB reserved,      74.75 MB (  6%) committed. 

Chunk freelists:
   Non-Class:  13.64 MB
       Class:  7.61 MB
        Both:  21.25 MB

MaxMetaspaceSize: unlimited
CompressedClassSpaceSize: 1.00 GB
Initial GC threshold: 21.00 MB
Current GC threshold: 97.31 MB
CDS: on
 - commit_granule_bytes: 65536.
 - commit_granule_words: 8192.
 - virtual_space_node_default_size: 8388608.
 - enlarge_chunks_in_place: 1.
 - use_allocation_guard: 0.


Internal statistics:

num_allocs_failed_limit: 9.
num_arena_births: 1084.
num_arena_deaths: 16.
num_vsnodes_births: 3.
num_vsnodes_deaths: 0.
num_space_committed: 1196.
num_space_uncommitted: 0.
num_chunks_returned_to_freelist: 26.
num_chunks_taken_from_freelist: 4446.
num_chunk_merges: 10.
num_chunk_splits: 2740.
num_chunks_enlarged: 1534.
num_inconsistent_stats: 0.

CodeHeap 'non-profiled nmethods': size=120000Kb used=10846Kb max_used=10846Kb free=109153Kb
 bounds [0x000002732a720000, 0x000002732b1c0000, 0x0000027331c50000]
CodeHeap 'profiled nmethods': size=120000Kb used=26258Kb max_used=26258Kb free=93741Kb
 bounds [0x0000027322c50000, 0x0000027324600000, 0x000002732a180000]
CodeHeap 'non-nmethods': size=5760Kb used=1488Kb max_used=1572Kb free=4271Kb
 bounds [0x000002732a180000, 0x000002732a3f0000, 0x000002732a720000]
CodeCache: size=245760Kb, used=38592Kb, max_used=38676Kb, free=207165Kb
 total_blobs=12334, nmethods=11519, adapters=720, full_count=0
Compilation: enabled, stopped_count=0, restarted_count=0

Compilation events (20 events):
Event: 172460.786 Thread 0x00000273364a68c0 12441       3       org.eclipse.core.runtime.jobs.Job::<init> (6 bytes)
Event: 172460.787 Thread 0x00000273364a68c0 nmethod 12441 0x00000273245ed510 code [0x00000273245ed6c0, 0x00000273245ed7f8]
Event: 172700.853 Thread 0x0000027336433e70 12442   !   4       java.lang.Object::wait (50 bytes)
Event: 172700.920 Thread 0x0000027336433e70 nmethod 12442 0x000002732b1b6e10 code [0x000002732b1b6fe0, 0x000002732b1b71a8]
Event: 175049.239 Thread 0x0000027336433e70 12443       4       java.lang.ClassLoader::getPlatformClassLoader (21 bytes)
Event: 175049.261 Thread 0x0000027336433e70 nmethod 12443 0x000002732b1b7410 code [0x000002732b1b75a0, 0x000002732b1b7610]
Event: 175160.938 Thread 0x00000273364a68c0 12444   !   3       org.eclipse.core.internal.jobs.ImplicitJobs::begin (309 bytes)
Event: 175160.969 Thread 0x00000273364a68c0 nmethod 12444 0x00000273245ed890 code [0x00000273245edc00, 0x00000273245ef288]
Event: 175160.970 Thread 0x00000273364a68c0 12445  s    3       org.eclipse.core.internal.jobs.ImplicitJobs::end (79 bytes)
Event: 175161.004 Thread 0x00000273364a68c0 nmethod 12445 0x00000273245efd10 code [0x00000273245f00e0, 0x00000273245f18e0]
Event: 177861.062 Thread 0x00000273364a68c0 12446       3       org.eclipse.core.internal.jobs.Worker::setNormPriority (14 bytes)
Event: 177861.071 Thread 0x00000273364a68c0 nmethod 12446 0x00000273245f2090 code [0x00000273245f2260, 0x00000273245f25d0]
Event: 179661.066 Thread 0x00000273364a68c0 12448       3       org.eclipse.core.internal.resources.MarkerAttributeMap::shareStrings (92 bytes)
Event: 179661.106 Thread 0x00000273364a68c0 nmethod 12448 0x00000273245f2710 code [0x00000273245f29a0, 0x00000273245f3850]
Event: 179661.107 Thread 0x00000273364a68c0 12447       3       org.eclipse.core.internal.resources.MarkerInfo::shareStrings (21 bytes)
Event: 179661.121 Thread 0x00000273364a68c0 nmethod 12447 0x00000273245f3b90 code [0x00000273245f3d60, 0x00000273245f3f40]
Event: 183261.087 Thread 0x00000273364a68c0 12449       3       org.eclipse.core.internal.jobs.InternalJob::isConflicting (52 bytes)
Event: 183261.112 Thread 0x00000273364a68c0 nmethod 12449 0x00000273245f4090 code [0x00000273245f4280, 0x00000273245f4720]
Event: 183261.113 Thread 0x00000273364a68c0 12450       1       org.eclipse.core.internal.utils.StringPool::getSavedStringCount (5 bytes)
Event: 183261.114 Thread 0x00000273364a68c0 nmethod 12450 0x000002732b1b7710 code [0x000002732b1b78a0, 0x000002732b1b7968]

GC Heap History (20 events):
Event: 31787.393 GC heap before
{Heap before GC invocations=385 (full 3):
 PSYoungGen      total 4608K, used 3880K [0x00000000d5580000, 0x00000000d5c00000, 0x0000000100000000)
  eden space 2048K, 100% used [0x00000000d5580000,0x00000000d5780000,0x00000000d5780000)
  from space 2560K, 71% used [0x00000000d5780000,0x00000000d594a000,0x00000000d5a00000)
  to   space 2048K, 0% used [0x00000000d5a00000,0x00000000d5a00000,0x00000000d5c00000)
 ParOldGen       total 413696K, used 313625K [0x0000000080000000, 0x0000000099400000, 0x00000000d5580000)
  object space 413696K, 75% used [0x0000000080000000,0x0000000093246700,0x0000000099400000)
 Metaspace       used 74895K, committed 76352K, reserved 1179648K
  class space    used 7974K, committed 8640K, reserved 1048576K
}
Event: 31787.423 GC heap after
{Heap after GC invocations=385 (full 3):
 PSYoungGen      total 4608K, used 1760K [0x00000000d5580000, 0x00000000d5c00000, 0x0000000100000000)
  eden space 2560K, 0% used [0x00000000d5580000,0x00000000d5580000,0x00000000d5800000)
  from space 2048K, 85% used [0x00000000d5a00000,0x00000000d5bb8200,0x00000000d5c00000)
  to   space 2048K, 0% used [0x00000000d5800000,0x00000000d5800000,0x00000000d5a00000)
 ParOldGen       total 413696K, used 315225K [0x0000000080000000, 0x0000000099400000, 0x00000000d5580000)
  object space 413696K, 76% used [0x0000000080000000,0x00000000933d6700,0x0000000099400000)
 Metaspace       used 74895K, committed 76352K, reserved 1179648K
  class space    used 7974K, committed 8640K, reserved 1048576K
}
Event: 31787.444 GC heap before
{Heap before GC invocations=386 (full 3):
 PSYoungGen      total 4608K, used 4320K [0x00000000d5580000, 0x00000000d5c00000, 0x0000000100000000)
  eden space 2560K, 100% used [0x00000000d5580000,0x00000000d5800000,0x00000000d5800000)
  from space 2048K, 85% used [0x00000000d5a00000,0x00000000d5bb8200,0x00000000d5c00000)
  to   space 2048K, 0% used [0x00000000d5800000,0x00000000d5800000,0x00000000d5a00000)
 ParOldGen       total 413696K, used 315225K [0x0000000080000000, 0x0000000099400000, 0x00000000d5580000)
  object space 413696K, 76% used [0x0000000080000000,0x00000000933d6700,0x0000000099400000)
 Metaspace       used 74895K, committed 76352K, reserved 1179648K
  class space    used 7974K, committed 8640K, reserved 1048576K
}
Event: 31787.470 GC heap after
{Heap after GC invocations=386 (full 3):
 PSYoungGen      total 4608K, used 2048K [0x00000000d5580000, 0x00000000d6280000, 0x0000000100000000)
  eden space 2560K, 0% used [0x00000000d5580000,0x00000000d5580000,0x00000000d5800000)
  from space 2048K, 100% used [0x00000000d5800000,0x00000000d5a00000,0x00000000d5a00000)
  to   space 5120K, 0% used [0x00000000d5d80000,0x00000000d5d80000,0x00000000d6280000)
 ParOldGen       total 413696K, used 317426K [0x0000000080000000, 0x0000000099400000, 0x00000000d5580000)
  object space 413696K, 76% used [0x0000000080000000,0x00000000935fc900,0x0000000099400000)
 Metaspace       used 74895K, committed 76352K, reserved 1179648K
  class space    used 7974K, committed 8640K, reserved 1048576K
}
Event: 31787.759 GC heap before
{Heap before GC invocations=387 (full 3):
 PSYoungGen      total 4608K, used 4608K [0x00000000d5580000, 0x00000000d6280000, 0x0000000100000000)
  eden space 2560K, 100% used [0x00000000d5580000,0x00000000d5800000,0x00000000d5800000)
  from space 2048K, 100% used [0x00000000d5800000,0x00000000d5a00000,0x00000000d5a00000)
  to   space 5120K, 0% used [0x00000000d5d80000,0x00000000d5d80000,0x00000000d6280000)
 ParOldGen       total 413696K, used 317426K [0x0000000080000000, 0x0000000099400000, 0x00000000d5580000)
  object space 413696K, 76% used [0x0000000080000000,0x00000000935fc900,0x0000000099400000)
 Metaspace       used 74902K, committed 76352K, reserved 1179648K
  class space    used 7974K, committed 8640K, reserved 1048576K
}
Event: 31787.788 GC heap after
{Heap after GC invocations=387 (full 3):
 PSYoungGen      total 4608K, used 1200K [0x00000000d5580000, 0x00000000d5f00000, 0x0000000100000000)
  eden space 3072K, 0% used [0x00000000d5580000,0x00000000d5580000,0x00000000d5880000)
  from space 1536K, 78% used [0x00000000d5d80000,0x00000000d5eac000,0x00000000d5f00000)
  to   space 2560K, 0% used [0x00000000d5a00000,0x00000000d5a00000,0x00000000d5c80000)
 ParOldGen       total 413696K, used 319498K [0x0000000080000000, 0x0000000099400000, 0x00000000d5580000)
  object space 413696K, 77% used [0x0000000080000000,0x0000000093802900,0x0000000099400000)
 Metaspace       used 74902K, committed 76352K, reserved 1179648K
  class space    used 7974K, committed 8640K, reserved 1048576K
}
Event: 31802.899 GC heap before
{Heap before GC invocations=388 (full 3):
 PSYoungGen      total 4608K, used 4265K [0x00000000d5580000, 0x00000000d5f00000, 0x0000000100000000)
  eden space 3072K, 99% used [0x00000000d5580000,0x00000000d587e448,0x00000000d5880000)
  from space 1536K, 78% used [0x00000000d5d80000,0x00000000d5eac000,0x00000000d5f00000)
  to   space 2560K, 0% used [0x00000000d5a00000,0x00000000d5a00000,0x00000000d5c80000)
 ParOldGen       total 413696K, used 319498K [0x0000000080000000, 0x0000000099400000, 0x00000000d5580000)
  object space 413696K, 77% used [0x0000000080000000,0x0000000093802900,0x0000000099400000)
 Metaspace       used 74914K, committed 76416K, reserved 1179648K
  class space    used 7974K, committed 8640K, reserved 1048576K
}
Event: 31802.918 GC heap after
{Heap after GC invocations=388 (full 3):
 PSYoungGen      total 6656K, used 128K [0x00000000d5580000, 0x00000000d5e00000, 0x0000000100000000)
  eden space 4096K, 0% used [0x00000000d5580000,0x00000000d5580000,0x00000000d5980000)
  from space 2560K, 5% used [0x00000000d5a00000,0x00000000d5a20000,0x00000000d5c80000)
  to   space 1024K, 0% used [0x00000000d5d00000,0x00000000d5d00000,0x00000000d5e00000)
 ParOldGen       total 413696K, used 320624K [0x0000000080000000, 0x0000000099400000, 0x00000000d5580000)
  object space 413696K, 77% used [0x0000000080000000,0x000000009391c350,0x0000000099400000)
 Metaspace       used 74914K, committed 76416K, reserved 1179648K
  class space    used 7974K, committed 8640K, reserved 1048576K
}
Event: 31941.698 GC heap before
{Heap before GC invocations=389 (full 3):
 PSYoungGen      total 6656K, used 4224K [0x00000000d5580000, 0x00000000d5e00000, 0x0000000100000000)
  eden space 4096K, 100% used [0x00000000d5580000,0x00000000d5980000,0x00000000d5980000)
  from space 2560K, 5% used [0x00000000d5a00000,0x00000000d5a20000,0x00000000d5c80000)
  to   space 1024K, 0% used [0x00000000d5d00000,0x00000000d5d00000,0x00000000d5e00000)
 ParOldGen       total 413696K, used 320624K [0x0000000080000000, 0x0000000099400000, 0x00000000d5580000)
  object space 413696K, 77% used [0x0000000080000000,0x000000009391c350,0x0000000099400000)
 Metaspace       used 74929K, committed 76416K, reserved 1179648K
  class space    used 7974K, committed 8640K, reserved 1048576K
}
Event: 31941.704 GC heap after
{Heap after GC invocations=389 (full 3):
 PSYoungGen      total 4608K, used 256K [0x00000000d5580000, 0x00000000d5d80000, 0x0000000100000000)
  eden space 4096K, 0% used [0x00000000d5580000,0x00000000d5580000,0x00000000d5980000)
  from space 512K, 50% used [0x00000000d5d00000,0x00000000d5d40040,0x00000000d5d80000)
  to   space 512K, 0% used [0x00000000d5c80000,0x00000000d5c80000,0x00000000d5d00000)
 ParOldGen       total 413696K, used 320712K [0x0000000080000000, 0x0000000099400000, 0x00000000d5580000)
  object space 413696K, 77% used [0x0000000080000000,0x0000000093932350,0x0000000099400000)
 Metaspace       used 74929K, committed 76416K, reserved 1179648K
  class space    used 7974K, committed 8640K, reserved 1048576K
}
Event: 31948.051 GC heap before
{Heap before GC invocations=390 (full 3):
 PSYoungGen      total 4608K, used 4352K [0x00000000d5580000, 0x00000000d5d80000, 0x0000000100000000)
  eden space 4096K, 99% used [0x00000000d5580000,0x00000000d597ffe0,0x00000000d5980000)
  from space 512K, 50% used [0x00000000d5d00000,0x00000000d5d40040,0x00000000d5d80000)
  to   space 512K, 0% used [0x00000000d5c80000,0x00000000d5c80000,0x00000000d5d00000)
 ParOldGen       total 413696K, used 320712K [0x0000000080000000, 0x0000000099400000, 0x00000000d5580000)
  object space 413696K, 77% used [0x0000000080000000,0x0000000093932350,0x0000000099400000)
 Metaspace       used 74938K, committed 76416K, reserved 1179648K
  class space    used 7974K, committed 8640K, reserved 1048576K
}
Event: 31948.057 GC heap after
{Heap after GC invocations=390 (full 3):
 PSYoungGen      total 4608K, used 64K [0x00000000d5580000, 0x00000000d5d80000, 0x0000000100000000)
  eden space 4096K, 0% used [0x00000000d5580000,0x00000000d5580000,0x00000000d5980000)
  from space 512K, 12% used [0x00000000d5c80000,0x00000000d5c90000,0x00000000d5d00000)
  to   space 512K, 0% used [0x00000000d5d00000,0x00000000d5d00000,0x00000000d5d80000)
 ParOldGen       total 413696K, used 320872K [0x0000000080000000, 0x0000000099400000, 0x00000000d5580000)
  object space 413696K, 77% used [0x0000000080000000,0x000000009395a390,0x0000000099400000)
 Metaspace       used 74938K, committed 76416K, reserved 1179648K
  class space    used 7974K, committed 8640K, reserved 1048576K
}
Event: 31949.668 GC heap before
{Heap before GC invocations=391 (full 3):
 PSYoungGen      total 4608K, used 4160K [0x00000000d5580000, 0x00000000d5d80000, 0x0000000100000000)
  eden space 4096K, 100% used [0x00000000d5580000,0x00000000d5980000,0x00000000d5980000)
  from space 512K, 12% used [0x00000000d5c80000,0x00000000d5c90000,0x00000000d5d00000)
  to   space 512K, 0% used [0x00000000d5d00000,0x00000000d5d00000,0x00000000d5d80000)
 ParOldGen       total 413696K, used 320872K [0x0000000080000000, 0x0000000099400000, 0x00000000d5580000)
  object space 413696K, 77% used [0x0000000080000000,0x000000009395a390,0x0000000099400000)
 Metaspace       used 74957K, committed 76416K, reserved 1179648K
  class space    used 7974K, committed 8640K, reserved 1048576K
}
Event: 31949.671 GC heap after
{Heap after GC invocations=391 (full 3):
 PSYoungGen      total 4608K, used 448K [0x00000000d5580000, 0x00000000d5d80000, 0x0000000100000000)
  eden space 4096K, 0% used [0x00000000d5580000,0x00000000d5580000,0x00000000d5980000)
  from space 512K, 87% used [0x00000000d5d00000,0x00000000d5d70020,0x00000000d5d80000)
  to   space 1024K, 0% used [0x00000000d5b80000,0x00000000d5b80000,0x00000000d5c80000)
 ParOldGen       total 413696K, used 320904K [0x0000000080000000, 0x0000000099400000, 0x00000000d5580000)
  object space 413696K, 77% used [0x0000000080000000,0x0000000093962390,0x0000000099400000)
 Metaspace       used 74957K, committed 76416K, reserved 1179648K
  class space    used 7974K, committed 8640K, reserved 1048576K
}
Event: 31951.958 GC heap before
{Heap before GC invocations=392 (full 3):
 PSYoungGen      total 4608K, used 4544K [0x00000000d5580000, 0x00000000d5d80000, 0x0000000100000000)
  eden space 4096K, 99% used [0x00000000d5580000,0x00000000d597fff0,0x00000000d5980000)
  from space 512K, 87% used [0x00000000d5d00000,0x00000000d5d70020,0x00000000d5d80000)
  to   space 1024K, 0% used [0x00000000d5b80000,0x00000000d5b80000,0x00000000d5c80000)
 ParOldGen       total 413696K, used 320904K [0x0000000080000000, 0x0000000099400000, 0x00000000d5580000)
  object space 413696K, 77% used [0x0000000080000000,0x0000000093962390,0x0000000099400000)
 Metaspace       used 75016K, committed 76480K, reserved 1179648K
  class space    used 7974K, committed 8640K, reserved 1048576K
}
Event: 31951.965 GC heap after
{Heap after GC invocations=392 (full 3):
 PSYoungGen      total 5120K, used 208K [0x00000000d5580000, 0x00000000d5d80000, 0x0000000100000000)
  eden space 4096K, 0% used [0x00000000d5580000,0x00000000d5580000,0x00000000d5980000)
  from space 1024K, 20% used [0x00000000d5b80000,0x00000000d5bb4010,0x00000000d5c80000)
  to   space 512K, 0% used [0x00000000d5d00000,0x00000000d5d00000,0x00000000d5d80000)
 ParOldGen       total 413696K, used 321238K [0x0000000080000000, 0x0000000099400000, 0x00000000d5580000)
  object space 413696K, 77% used [0x0000000080000000,0x00000000939b5840,0x0000000099400000)
 Metaspace       used 75016K, committed 76480K, reserved 1179648K
  class space    used 7974K, committed 8640K, reserved 1048576K
}
Event: 31960.572 GC heap before
{Heap before GC invocations=393 (full 3):
 PSYoungGen      total 5120K, used 4304K [0x00000000d5580000, 0x00000000d5d80000, 0x0000000100000000)
  eden space 4096K, 100% used [0x00000000d5580000,0x00000000d5980000,0x00000000d5980000)
  from space 1024K, 20% used [0x00000000d5b80000,0x00000000d5bb4010,0x00000000d5c80000)
  to   space 512K, 0% used [0x00000000d5d00000,0x00000000d5d00000,0x00000000d5d80000)
 ParOldGen       total 413696K, used 321238K [0x0000000080000000, 0x0000000099400000, 0x00000000d5580000)
  object space 413696K, 77% used [0x0000000080000000,0x00000000939b5840,0x0000000099400000)
 Metaspace       used 75019K, committed 76480K, reserved 1179648K
  class space    used 7974K, committed 8640K, reserved 1048576K
}
Event: 31960.576 GC heap after
{Heap after GC invocations=393 (full 3):
 PSYoungGen      total 4608K, used 96K [0x00000000d5580000, 0x00000000d5d80000, 0x0000000100000000)
  eden space 4096K, 0% used [0x00000000d5580000,0x00000000d5580000,0x00000000d5980000)
  from space 512K, 18% used [0x00000000d5d00000,0x00000000d5d18000,0x00000000d5d80000)
  to   space 512K, 0% used [0x00000000d5c80000,0x00000000d5c80000,0x00000000d5d00000)
 ParOldGen       total 413696K, used 321254K [0x0000000080000000, 0x0000000099400000, 0x00000000d5580000)
  object space 413696K, 77% used [0x0000000080000000,0x00000000939b9840,0x0000000099400000)
 Metaspace       used 75019K, committed 76480K, reserved 1179648K
  class space    used 7974K, committed 8640K, reserved 1048576K
}
Event: 31961.315 GC heap before
{Heap before GC invocations=394 (full 3):
 PSYoungGen      total 4608K, used 4192K [0x00000000d5580000, 0x00000000d5d80000, 0x0000000100000000)
  eden space 4096K, 100% used [0x00000000d5580000,0x00000000d5980000,0x00000000d5980000)
  from space 512K, 18% used [0x00000000d5d00000,0x00000000d5d18000,0x00000000d5d80000)
  to   space 512K, 0% used [0x00000000d5c80000,0x00000000d5c80000,0x00000000d5d00000)
 ParOldGen       total 413696K, used 321254K [0x0000000080000000, 0x0000000099400000, 0x00000000d5580000)
  object space 413696K, 77% used [0x0000000080000000,0x00000000939b9840,0x0000000099400000)
 Metaspace       used 75043K, committed 76480K, reserved 1179648K
  class space    used 7974K, committed 8640K, reserved 1048576K
}
Event: 31961.319 GC heap after
{Heap after GC invocations=394 (full 3):
 PSYoungGen      total 4608K, used 192K [0x00000000d5580000, 0x00000000d5d80000, 0x0000000100000000)
  eden space 4096K, 0% used [0x00000000d5580000,0x00000000d5580000,0x00000000d5980000)
  from space 512K, 37% used [0x00000000d5c80000,0x00000000d5cb0000,0x00000000d5d00000)
  to   space 512K, 0% used [0x00000000d5d00000,0x00000000d5d00000,0x00000000d5d80000)
 ParOldGen       total 413696K, used 321270K [0x0000000080000000, 0x0000000099400000, 0x00000000d5580000)
  object space 413696K, 77% used [0x0000000080000000,0x00000000939bd840,0x0000000099400000)
 Metaspace       used 75043K, committed 76480K, reserved 1179648K
  class space    used 7974K, committed 8640K, reserved 1048576K
}

Dll operation events (14 events):
Event: 0.042 Loaded shared library c:\Users\saket\.vscode\extensions\redhat.java-1.50.0-win32-x64\jre\21.0.9-win32-x86_64\bin\java.dll
Event: 0.440 Loaded shared library c:\Users\saket\.vscode\extensions\redhat.java-1.50.0-win32-x64\jre\21.0.9-win32-x86_64\bin\zip.dll
Event: 0.545 Loaded shared library C:\Users\saket\.vscode\extensions\redhat.java-1.50.0-win32-x64\jre\21.0.9-win32-x86_64\bin\instrument.dll
Event: 0.561 Loaded shared library C:\Users\saket\.vscode\extensions\redhat.java-1.50.0-win32-x64\jre\21.0.9-win32-x86_64\bin\net.dll
Event: 0.593 Loaded shared library C:\Users\saket\.vscode\extensions\redhat.java-1.50.0-win32-x64\jre\21.0.9-win32-x86_64\bin\nio.dll
Event: 0.611 Loaded shared library C:\Users\saket\.vscode\extensions\redhat.java-1.50.0-win32-x64\jre\21.0.9-win32-x86_64\bin\zip.dll
Event: 0.694 Loaded shared library C:\Users\saket\.vscode\extensions\redhat.java-1.50.0-win32-x64\jre\21.0.9-win32-x86_64\bin\jimage.dll
Event: 1.259 Loaded shared library c:\Users\saket\.vscode\extensions\redhat.java-1.50.0-win32-x64\jre\21.0.9-win32-x86_64\bin\verify.dll
Event: 26.384 Loaded shared library C:\Users\saket\AppData\Roaming\Code\User\globalStorage\redhat.java\1.50.0\config_win\org.eclipse.equinox.launcher\org.eclipse.equinox.launcher.win32.win32.x86_64_1.2.1400.v20250801-0854\eclipse_11916.dll
Event: 84.202 Loaded shared library C:\Users\saket\.vscode\extensions\redhat.java-1.50.0-win32-x64\jre\21.0.9-win32-x86_64\bin\management.dll
Event: 84.221 Loaded shared library C:\Users\saket\.vscode\extensions\redhat.java-1.50.0-win32-x64\jre\21.0.9-win32-x86_64\bin\management_ext.dll
Event: 98.010 Loaded shared library C:\Users\saket\AppData\Local\Temp\jna-109200716\jna11026221998339514520.dll
Event: 99.224 Loaded shared library C:\Users\saket\.vscode\extensions\redhat.java-1.50.0-win32-x64\jre\21.0.9-win32-x86_64\bin\sunmscapi.dll
Event: 101.784 Loaded shared library C:\Users\saket\.vscode\extensions\redhat.java-1.50.0-win32-x64\jre\21.0.9-win32-x86_64\bin\extnet.dll

Deoptimization events (20 events):
Event: 31951.781 Thread 0x000002737eb9f910 Uncommon trap: trap_request=0xffffffd6 fr.pc=0x000002732b18470c relative=0x0000000000000b6c
Event: 31951.781 Thread 0x000002737eb9f910 Uncommon trap: reason=array_check action=maybe_recompile pc=0x000002732b18470c method=com.google.gson.internal.GsonTypes$ParameterizedTypeImpl.<init>(Ljava/lang/reflect/Type;Ljava/lang/Class;[Ljava/lang/reflect/Type;)V @ 136 c2
Event: 31951.781 Thread 0x000002737eb9f910 DEOPT PACKING pc=0x000002732b18470c sp=0x000000c58aafeb60
Event: 31951.781 Thread 0x000002737eb9f910 DEOPT UNPACKING pc=0x000002732a1d3aa2 sp=0x000000c58aafea30 mode 2
Event: 39464.161 Thread 0x000002737eb9f280 Uncommon trap: trap_request=0xffffffd6 fr.pc=0x000002732b1add70 relative=0x0000000000000690
Event: 39464.162 Thread 0x000002737eb9f280 Uncommon trap: reason=array_check action=maybe_recompile pc=0x000002732b1add70 method=java.util.concurrent.ScheduledThreadPoolExecutor$DelayedWorkQueue.offer(Ljava/lang/Runnable;)Z @ 65 c2
Event: 39464.162 Thread 0x000002737eb9f280 DEOPT PACKING pc=0x000002732b1add70 sp=0x000000c58a8ff300
Event: 39464.162 Thread 0x000002737eb9f280 DEOPT UNPACKING pc=0x000002732a1d3aa2 sp=0x000000c58a8ff110 mode 2
Event: 39470.540 Thread 0x0000027378a9c1c0 Uncommon trap: trap_request=0xffffffd6 fr.pc=0x000002732b1add70 relative=0x0000000000000690
Event: 39470.541 Thread 0x0000027378a9c1c0 Uncommon trap: reason=array_check action=maybe_recompile pc=0x000002732b1add70 method=java.util.concurrent.ScheduledThreadPoolExecutor$DelayedWorkQueue.offer(Ljava/lang/Runnable;)Z @ 65 c2
Event: 39470.541 Thread 0x0000027378a9c1c0 DEOPT PACKING pc=0x000002732b1add70 sp=0x000000c5890ff120
Event: 39470.541 Thread 0x0000027378a9c1c0 DEOPT UNPACKING pc=0x000002732a1d3aa2 sp=0x000000c5890fef30 mode 2
Event: 39474.163 Thread 0x000002737eb9f280 Uncommon trap: trap_request=0xffffffd6 fr.pc=0x000002732b1add70 relative=0x0000000000000690
Event: 39474.163 Thread 0x000002737eb9f280 Uncommon trap: reason=array_check action=maybe_recompile pc=0x000002732b1add70 method=java.util.concurrent.ScheduledThreadPoolExecutor$DelayedWorkQueue.offer(Ljava/lang/Runnable;)Z @ 65 c2
Event: 39474.163 Thread 0x000002737eb9f280 DEOPT PACKING pc=0x000002732b1add70 sp=0x000000c58a8ff300
Event: 39474.164 Thread 0x000002737eb9f280 DEOPT UNPACKING pc=0x000002732a1d3aa2 sp=0x000000c58a8ff110 mode 2
Event: 39484.165 Thread 0x000002737eb9f280 Uncommon trap: trap_request=0xffffffd6 fr.pc=0x000002732b1add70 relative=0x0000000000000690
Event: 39484.165 Thread 0x000002737eb9f280 Uncommon trap: reason=array_check action=maybe_recompile pc=0x000002732b1add70 method=java.util.concurrent.ScheduledThreadPoolExecutor$DelayedWorkQueue.offer(Ljava/lang/Runnable;)Z @ 65 c2
Event: 39484.165 Thread 0x000002737eb9f280 DEOPT PACKING pc=0x000002732b1add70 sp=0x000000c58a8ff300
Event: 39484.165 Thread 0x000002737eb9f280 DEOPT UNPACKING pc=0x000002732a1d3aa2 sp=0x000000c58a8ff110 mode 2

Classes loaded (20 events):
Event: 584.678 Loading class jdk/internal/ref/CleanerImpl$InnocuousThreadFactory
Event: 584.680 Loading class jdk/internal/ref/CleanerImpl$InnocuousThreadFactory done
Event: 584.746 Loading class java/util/stream/ReferencePipeline$4
Event: 584.746 Loading class java/util/stream/ReferencePipeline$4 done
Event: 584.766 Loading class java/util/stream/Nodes$IntFixedNodeBuilder
Event: 584.767 Loading class java/util/stream/Node$Builder$OfInt
Event: 584.768 Loading class java/util/stream/Node$Builder$OfInt done
Event: 584.768 Loading class java/util/stream/Nodes$IntArrayNode
Event: 584.769 Loading class java/util/stream/Nodes$IntArrayNode done
Event: 584.769 Loading class java/util/stream/Nodes$IntFixedNodeBuilder done
Event: 584.770 Loading class java/util/stream/ReferencePipeline$4$1
Event: 584.770 Loading class java/util/stream/ReferencePipeline$4$1 done
Event: 30529.345 Loading class java/util/stream/ReferencePipeline$15
Event: 30529.350 Loading class java/util/stream/ReferencePipeline$15 done
Event: 30529.375 Loading class java/util/stream/ReferencePipeline$15$1
Event: 30529.376 Loading class java/util/stream/ReferencePipeline$15$1 done
Event: 30531.092 Loading class java/util/HashMap$EntrySpliterator
Event: 30531.093 Loading class java/util/HashMap$EntrySpliterator done
Event: 31496.528 Loading class java/nio/file/Files$2
Event: 31496.528 Loading class java/nio/file/Files$2 done

Classes unloaded (8 events):
Event: 89.199 Thread 0x000002733640f970 Unloading class 0x00000273381ad000 'java/lang/invoke/LambdaForm$MH+0x00000273381ad000'
Event: 89.199 Thread 0x000002733640f970 Unloading class 0x00000273381acc00 'java/lang/invoke/LambdaForm$MH+0x00000273381acc00'
Event: 89.199 Thread 0x000002733640f970 Unloading class 0x00000273381ac800 'java/lang/invoke/LambdaForm$MH+0x00000273381ac800'
Event: 89.199 Thread 0x000002733640f970 Unloading class 0x00000273381ac400 'java/lang/invoke/LambdaForm$MH+0x00000273381ac400'
Event: 89.199 Thread 0x000002733640f970 Unloading class 0x00000273381ac000 'java/lang/invoke/LambdaForm$BMH+0x00000273381ac000'
Event: 89.199 Thread 0x000002733640f970 Unloading class 0x00000273381abc00 'java/lang/invoke/LambdaForm$DMH+0x00000273381abc00'
Event: 89.199 Thread 0x000002733640f970 Unloading class 0x00000273381aa800 'java/lang/invoke/LambdaForm$DMH+0x00000273381aa800'
Event: 96.701 Thread 0x000002733640f970 Unloading class 0x00000273382af000 'java/lang/invoke/LambdaForm$DMH+0x00000273382af000'

Classes redefined (0 events):
No events

Internal exceptions (20 events):
Event: 31496.816 Thread 0x000002737e8362e0 Exception <a 'java/lang/NoSuchMethodError'{0x00000000d57641a8}: 'java.lang.Object java.lang.invoke.Invokers$Holder.linkToTargetMethod(java.lang.Object, java.lang.Object, java.lang.Object, int, java.lang.Object)'> (0x00000000d57641a8) 
thrown [s\src\hotspot\share\interpreter\linkResolver.cpp, line 773]
Event: 31502.849 Thread 0x00000273784e9b90 Implicit null exception at 0x000002732b09f536 to 0x000002732b0a6114
Event: 31502.913 Thread 0x00000273784e9b90 Exception <a 'sun/nio/fs/WindowsException'{0x00000000d57d9af0}> (0x00000000d57d9af0) 
thrown [s\src\hotspot\share\prims\jni.cpp, line 520]
Event: 31504.185 Thread 0x00000273784e9b90 Exception <a 'sun/nio/fs/WindowsException'{0x00000000d57712b8}> (0x00000000d57712b8) 
thrown [s\src\hotspot\share\prims\jni.cpp, line 520]
Event: 31504.780 Thread 0x00000273784e9b90 Exception <a 'sun/nio/fs/WindowsException'{0x00000000d5638c60}> (0x00000000d5638c60) 
thrown [s\src\hotspot\share\prims\jni.cpp, line 520]
Event: 31508.507 Thread 0x000002737e837000 Exception <a 'java/lang/ArrayIndexOutOfBoundsException'{0x00000000d56a55a0}> (0x00000000d56a55a0) 
thrown [s\src\hotspot\share\runtime\sharedRuntime.cpp, line 625]
Event: 31517.790 Thread 0x000002737e8362e0 Exception <a 'java/lang/ArrayIndexOutOfBoundsException'{0x00000000d597cfd0}> (0x00000000d597cfd0) 
thrown [s\src\hotspot\share\runtime\sharedRuntime.cpp, line 625]
Event: 31647.113 Thread 0x000002737eb9f910 Exception <a 'java/lang/IncompatibleClassChangeError'{0x00000000d56ad460}: Found class java.lang.Object, but interface was expected> (0x00000000d56ad460) 
thrown [s\src\hotspot\share\interpreter\linkResolver.cpp, line 840]
Event: 31647.266 Thread 0x000002737eb98980 Exception <a 'java/lang/ArrayIndexOutOfBoundsException'{0x00000000d574b4c8}> (0x00000000d574b4c8) 
thrown [s\src\hotspot\share\runtime\sharedRuntime.cpp, line 625]
Event: 31764.339 Thread 0x00000273784e9b90 Exception <a 'sun/nio/fs/WindowsException'{0x00000000d5852590}> (0x00000000d5852590) 
thrown [s\src\hotspot\share\prims\jni.cpp, line 520]
Event: 31764.682 Thread 0x00000273784e9b90 Exception <a 'sun/nio/fs/WindowsException'{0x00000000d56f2ab0}> (0x00000000d56f2ab0) 
thrown [s\src\hotspot\share\prims\jni.cpp, line 520]
Event: 31767.746 Thread 0x000002737eb996a0 Exception <a 'java/lang/ArrayIndexOutOfBoundsException'{0x00000000d558c1d8}> (0x00000000d558c1d8) 
thrown [s\src\hotspot\share\runtime\sharedRuntime.cpp, line 625]
Event: 31768.639 Thread 0x000002737e83d270 Exception <a 'java/lang/ArrayIndexOutOfBoundsException'{0x00000000d570bf98}> (0x00000000d570bf98) 
thrown [s\src\hotspot\share\runtime\sharedRuntime.cpp, line 625]
Event: 31769.295 Thread 0x000002737e83d270 Exception <a 'java/lang/ArrayIndexOutOfBoundsException'{0x00000000d55c6b80}> (0x00000000d55c6b80) 
thrown [s\src\hotspot\share\runtime\sharedRuntime.cpp, line 625]
Event: 31786.860 Thread 0x00000273784e9b90 Exception <a 'sun/nio/fs/WindowsException'{0x00000000d5746008}> (0x00000000d5746008) 
thrown [s\src\hotspot\share\prims\jni.cpp, line 520]
Event: 31787.014 Thread 0x00000273784e9b90 Exception <a 'sun/nio/fs/WindowsException'{0x00000000d5757340}> (0x00000000d5757340) 
thrown [s\src\hotspot\share\prims\jni.cpp, line 520]
Event: 31787.618 Thread 0x00000273784e9b90 Exception <a 'sun/nio/fs/WindowsException'{0x00000000d56a9058}> (0x00000000d56a9058) 
thrown [s\src\hotspot\share\prims\jni.cpp, line 520]
Event: 31941.696 Thread 0x00000273784eb5d0 Exception <a 'java/lang/ArrayIndexOutOfBoundsException'{0x00000000d5956778}> (0x00000000d5956778) 
thrown [s\src\hotspot\share\runtime\sharedRuntime.cpp, line 625]
Event: 31946.720 Thread 0x000002737eb98980 Exception <a 'java/lang/ArrayIndexOutOfBoundsException'{0x00000000d565ab68}> (0x00000000d565ab68) 
thrown [s\src\hotspot\share\runtime\sharedRuntime.cpp, line 625]
Event: 31963.888 Thread 0x000002737eb98980 Exception <a 'java/lang/ArrayIndexOutOfBoundsException'{0x00000000d579c7d0}> (0x00000000d579c7d0) 
thrown [s\src\hotspot\share\runtime\sharedRuntime.cpp, line 625]

ZGC Phase Switch (0 events):
No events

VM Operations (20 events):
Event: 182802.659 Executing VM operation: HandshakeAllThreads (HandshakeForDeflation)
Event: 182802.659 Executing VM operation: HandshakeAllThreads (HandshakeForDeflation) done
Event: 182802.659 Executing VM operation: RendezvousGCThreads
Event: 182802.659 Executing VM operation: RendezvousGCThreads done
Event: 182922.829 Executing VM operation: HandshakeAllThreads (HandshakeForDeflation)
Event: 182922.829 Executing VM operation: HandshakeAllThreads (HandshakeForDeflation) done
Event: 182922.829 Executing VM operation: RendezvousGCThreads
Event: 182922.829 Executing VM operation: RendezvousGCThreads done
Event: 182982.896 Executing VM operation: HandshakeAllThreads (HandshakeForDeflation)
Event: 182982.896 Executing VM operation: HandshakeAllThreads (HandshakeForDeflation) done
Event: 182982.896 Executing VM operation: RendezvousGCThreads
Event: 182982.896 Executing VM operation: RendezvousGCThreads done
Event: 183765.203 Executing VM operation: HandshakeAllThreads (HandshakeForDeflation)
Event: 183765.203 Executing VM operation: HandshakeAllThreads (HandshakeForDeflation) done
Event: 183765.203 Executing VM operation: RendezvousGCThreads
Event: 183765.203 Executing VM operation: RendezvousGCThreads done
Event: 183945.560 Executing VM operation: HandshakeAllThreads (HandshakeForDeflation)
Event: 183945.560 Executing VM operation: HandshakeAllThreads (HandshakeForDeflation) done
Event: 183945.560 Executing VM operation: RendezvousGCThreads
Event: 183945.561 Executing VM operation: RendezvousGCThreads done

Memory protections (0 events):
No events

Nmethod flushes (20 events):
Event: 157.045 Thread 0x000002733640f970 flushing  nmethod 0x00000273236c7d10
Event: 157.045 Thread 0x000002733640f970 flushing  nmethod 0x00000273236c9290
Event: 157.045 Thread 0x000002733640f970 flushing  nmethod 0x00000273236ca390
Event: 157.045 Thread 0x000002733640f970 flushing  nmethod 0x00000273236dcb10
Event: 157.045 Thread 0x000002733640f970 flushing  nmethod 0x00000273236e6790
Event: 157.045 Thread 0x000002733640f970 flushing  nmethod 0x00000273236fa190
Event: 157.045 Thread 0x000002733640f970 flushing  nmethod 0x00000273236fce90
Event: 157.045 Thread 0x000002733640f970 flushing  nmethod 0x0000027323709510
Event: 157.045 Thread 0x000002733640f970 flushing  nmethod 0x000002732370cd10
Event: 157.045 Thread 0x000002733640f970 flushing  nmethod 0x0000027323721490
Event: 157.045 Thread 0x000002733640f970 flushing  nmethod 0x000002732375b490
Event: 157.045 Thread 0x000002733640f970 flushing  nmethod 0x000002732375ee90
Event: 157.045 Thread 0x000002733640f970 flushing  nmethod 0x000002732377a110
Event: 157.045 Thread 0x000002733640f970 flushing  nmethod 0x0000027323796910
Event: 157.045 Thread 0x000002733640f970 flushing  nmethod 0x00000273237af610
Event: 157.045 Thread 0x000002733640f970 flushing  nmethod 0x00000273237b0510
Event: 157.045 Thread 0x000002733640f970 flushing  nmethod 0x00000273237b0b10
Event: 157.045 Thread 0x000002733640f970 flushing  nmethod 0x00000273237b2690
Event: 157.045 Thread 0x000002733640f970 flushing  nmethod 0x00000273237b2a10
Event: 157.045 Thread 0x000002733640f970 flushing  nmethod 0x00000273237b6690

Events (20 events):
Event: 31802.926 Thread 0x000002737eb9d840 Thread added: 0x000002737eb9aa50
Event: 31802.927 Thread 0x000002737eb9aa50 Thread added: 0x00000273784eaf40
Event: 31802.927 Thread 0x000002737eb9aa50 Thread added: 0x00000273784eb5d0
Event: 31802.928 Thread 0x00000273784eb5d0 Thread exited: 0x00000273784eb5d0
Event: 31802.928 Thread 0x00000273784eaf40 Thread exited: 0x00000273784eaf40
Event: 31802.928 Thread 0x000002737eb9aa50 Thread exited: 0x000002737eb9aa50
Event: 31847.830 Thread 0x000002737e83d270 Thread exited: 0x000002737e83d270
Event: 31863.063 Thread 0x000002737eb99010 Thread exited: 0x000002737eb99010
Event: 31907.845 Thread 0x000002737eb996a0 Thread exited: 0x000002737eb996a0
Event: 31941.157 Thread 0x000002737eb98980 Thread added: 0x00000273784eaf40
Event: 31941.160 Thread 0x000002737eb9f910 Thread added: 0x00000273784eb5d0
Event: 31952.042 Thread 0x00000273364a68c0 Thread added: 0x000002737e2befb0
Event: 31957.088 Thread 0x000002737e2befb0 Thread exited: 0x000002737e2befb0
Event: 32027.895 Thread 0x000002737eb98980 Thread exited: 0x000002737eb98980
Event: 32154.447 Thread 0x00000273784eaf40 Thread exited: 0x00000273784eaf40
Event: 32214.459 Thread 0x00000273784eb5d0 Thread exited: 0x00000273784eb5d0
Event: 82487.629 Thread 0x000002737e83d900 Thread added: 0x00000273784ed010
Event: 82487.926 Thread 0x000002737eb9d840 Thread exited: 0x000002737eb9d840
Event: 168860.557 Thread 0x00000273784ed010 Thread added: 0x00000273784eaf40
Event: 168860.591 Thread 0x000002737e83d900 Thread exited: 0x000002737e83d900


Dynamic libraries:
0x00007ff785290000 - 0x00007ff78529e000 	c:\Users\saket\.vscode\extensions\redhat.java-1.50.0-win32-x64\jre\21.0.9-win32-x86_64\bin\java.exe
0x00007ffc97c10000 - 0x00007ffc97e08000 	C:\WINDOWS\SYSTEM32\ntdll.dll
0x00007ffc96da0000 - 0x00007ffc96e62000 	C:\WINDOWS\System32\KERNEL32.DLL
0x00007ffc955c0000 - 0x00007ffc958b6000 	C:\WINDOWS\System32\KERNELBASE.dll
0x00007ffc959a0000 - 0x00007ffc95aa0000 	C:\WINDOWS\System32\ucrtbase.dll
0x00007ffc5e620000 - 0x00007ffc5e638000 	c:\Users\saket\.vscode\extensions\redhat.java-1.50.0-win32-x64\jre\21.0.9-win32-x86_64\bin\jli.dll
0x00007ffc95e60000 - 0x00007ffc96001000 	C:\WINDOWS\System32\USER32.dll
0x00007ffc95c00000 - 0x00007ffc95c22000 	C:\WINDOWS\System32\win32u.dll
0x00007ffc96ab0000 - 0x00007ffc96adb000 	C:\WINDOWS\System32\GDI32.dll
0x00007ffc954a0000 - 0x00007ffc955b9000 	C:\WINDOWS\System32\gdi32full.dll
0x00007ffc953d0000 - 0x00007ffc9546d000 	C:\WINDOWS\System32\msvcp_win.dll
0x00007ffc5f280000 - 0x00007ffc5f29e000 	c:\Users\saket\.vscode\extensions\redhat.java-1.50.0-win32-x64\jre\21.0.9-win32-x86_64\bin\VCRUNTIME140.dll
0x00007ffc7e250000 - 0x00007ffc7e4eb000 	C:\WINDOWS\WinSxS\amd64_microsoft.windows.common-controls_6595b64144ccf1df_6.0.19041.6456_none_60b8a6cb71f64256\COMCTL32.dll
0x00007ffc96c30000 - 0x00007ffc96cce000 	C:\WINDOWS\System32\msvcrt.dll
0x00007ffc95d50000 - 0x00007ffc95d7f000 	C:\WINDOWS\System32\IMM32.DLL
0x00007ffc8ee40000 - 0x00007ffc8ee4c000 	c:\Users\saket\.vscode\extensions\redhat.java-1.50.0-win32-x64\jre\21.0.9-win32-x86_64\bin\vcruntime140_1.dll
0x00007ffc537e0000 - 0x00007ffc5386d000 	c:\Users\saket\.vscode\extensions\redhat.java-1.50.0-win32-x64\jre\21.0.9-win32-x86_64\bin\msvcp140.dll
0x00007ffbf2240000 - 0x00007ffbf2fe0000 	c:\Users\saket\.vscode\extensions\redhat.java-1.50.0-win32-x64\jre\21.0.9-win32-x86_64\bin\server\jvm.dll
0x00007ffc95d80000 - 0x00007ffc95e31000 	C:\WINDOWS\System32\ADVAPI32.dll
0x00007ffc96930000 - 0x00007ffc969cf000 	C:\WINDOWS\System32\sechost.dll
0x00007ffc95c30000 - 0x00007ffc95d50000 	C:\WINDOWS\System32\RPCRT4.dll
0x00007ffc95470000 - 0x00007ffc95497000 	C:\WINDOWS\System32\bcrypt.dll
0x00007ffc96bc0000 - 0x00007ffc96c2b000 	C:\WINDOWS\System32\WS2_32.dll
0x00007ffc94830000 - 0x00007ffc9487b000 	C:\WINDOWS\SYSTEM32\POWRPROF.dll
0x00007ffc8a580000 - 0x00007ffc8a5a7000 	C:\WINDOWS\SYSTEM32\WINMM.dll
0x00007ffc8b510000 - 0x00007ffc8b51a000 	C:\WINDOWS\SYSTEM32\VERSION.dll
0x00007ffc946a0000 - 0x00007ffc946b2000 	C:\WINDOWS\SYSTEM32\UMPDC.dll
0x00007ffc93ab0000 - 0x00007ffc93ac2000 	C:\WINDOWS\SYSTEM32\kernel.appcore.dll
0x00007ffc70d30000 - 0x00007ffc70d3a000 	c:\Users\saket\.vscode\extensions\redhat.java-1.50.0-win32-x64\jre\21.0.9-win32-x86_64\bin\jimage.dll
0x00007ffc937a0000 - 0x00007ffc939a1000 	C:\WINDOWS\SYSTEM32\DBGHELP.DLL
0x00007ffc794c0000 - 0x00007ffc794f4000 	C:\WINDOWS\SYSTEM32\dbgcore.DLL
0x00007ffc95910000 - 0x00007ffc95992000 	C:\WINDOWS\System32\bcryptPrimitives.dll
0x00007ffc6f050000 - 0x00007ffc6f05f000 	c:\Users\saket\.vscode\extensions\redhat.java-1.50.0-win32-x64\jre\21.0.9-win32-x86_64\bin\instrument.dll
0x00007ffc5e600000 - 0x00007ffc5e620000 	c:\Users\saket\.vscode\extensions\redhat.java-1.50.0-win32-x64\jre\21.0.9-win32-x86_64\bin\java.dll
0x00007ffc961b0000 - 0x00007ffc96920000 	C:\WINDOWS\System32\SHELL32.dll
0x00007ffc92f20000 - 0x00007ffc936c5000 	C:\WINDOWS\SYSTEM32\windows.storage.dll
0x00007ffc971a0000 - 0x00007ffc974f4000 	C:\WINDOWS\System32\combase.dll
0x00007ffc94cd0000 - 0x00007ffc94cfb000 	C:\WINDOWS\SYSTEM32\Wldp.dll
0x00007ffc96cd0000 - 0x00007ffc96d9d000 	C:\WINDOWS\System32\OLEAUT32.dll
0x00007ffc960a0000 - 0x00007ffc9614d000 	C:\WINDOWS\System32\SHCORE.dll
0x00007ffc97020000 - 0x00007ffc9707b000 	C:\WINDOWS\System32\shlwapi.dll
0x00007ffc951d0000 - 0x00007ffc951f4000 	C:\WINDOWS\SYSTEM32\profapi.dll
0x00007ffc59a00000 - 0x00007ffc59a18000 	c:\Users\saket\.vscode\extensions\redhat.java-1.50.0-win32-x64\jre\21.0.9-win32-x86_64\bin\zip.dll
0x00007ffc6ed40000 - 0x00007ffc6ed50000 	C:\Users\saket\.vscode\extensions\redhat.java-1.50.0-win32-x64\jre\21.0.9-win32-x86_64\bin\net.dll
0x00007ffc85c90000 - 0x00007ffc85d9a000 	C:\WINDOWS\SYSTEM32\WINHTTP.dll
0x00007ffc94a30000 - 0x00007ffc94a9a000 	C:\WINDOWS\system32\mswsock.dll
0x00007ffc599e0000 - 0x00007ffc599f6000 	C:\Users\saket\.vscode\extensions\redhat.java-1.50.0-win32-x64\jre\21.0.9-win32-x86_64\bin\nio.dll
0x00007ffc6ecd0000 - 0x00007ffc6ece0000 	c:\Users\saket\.vscode\extensions\redhat.java-1.50.0-win32-x64\jre\21.0.9-win32-x86_64\bin\verify.dll
0x00007ffc5fda0000 - 0x00007ffc5fde4000 	C:\Users\saket\AppData\Roaming\Code\User\globalStorage\redhat.java\1.50.0\config_win\org.eclipse.equinox.launcher\org.eclipse.equinox.launcher.win32.win32.x86_64_1.2.1400.v20250801-0854\eclipse_11916.dll
0x00007ffc97510000 - 0x00007ffc9763b000 	C:\WINDOWS\System32\ole32.dll
0x00007ffc7ad20000 - 0x00007ffc7ad2a000 	C:\Users\saket\.vscode\extensions\redhat.java-1.50.0-win32-x64\jre\21.0.9-win32-x86_64\bin\management.dll
0x00007ffc7ad10000 - 0x00007ffc7ad1c000 	C:\Users\saket\.vscode\extensions\redhat.java-1.50.0-win32-x64\jre\21.0.9-win32-x86_64\bin\management_ext.dll
0x00007ffc97640000 - 0x00007ffc97648000 	C:\WINDOWS\System32\PSAPI.DLL
0x00007ffc94c20000 - 0x00007ffc94c38000 	C:\WINDOWS\SYSTEM32\CRYPTSP.dll
0x00007ffc942e0000 - 0x00007ffc94318000 	C:\WINDOWS\system32\rsaenh.dll
0x00007ffc95190000 - 0x00007ffc951be000 	C:\WINDOWS\SYSTEM32\USERENV.dll
0x00007ffc94c40000 - 0x00007ffc94c4c000 	C:\WINDOWS\SYSTEM32\CRYPTBASE.dll
0x00007ffc946c0000 - 0x00007ffc946fb000 	C:\WINDOWS\SYSTEM32\IPHLPAPI.DLL
0x00007ffc96920000 - 0x00007ffc96928000 	C:\WINDOWS\System32\NSI.dll
0x00007ffc5f510000 - 0x00007ffc5f559000 	C:\Users\saket\AppData\Local\Temp\jna-109200716\jna11026221998339514520.dll
0x00007ffc8a7b0000 - 0x00007ffc8a7c7000 	C:\WINDOWS\SYSTEM32\dhcpcsvc6.DLL
0x00007ffc86010000 - 0x00007ffc8602d000 	C:\WINDOWS\SYSTEM32\dhcpcsvc.DLL
0x00007ffc69d90000 - 0x00007ffc69d9e000 	C:\Users\saket\.vscode\extensions\redhat.java-1.50.0-win32-x64\jre\21.0.9-win32-x86_64\bin\sunmscapi.dll
0x00007ffc95aa0000 - 0x00007ffc95bfd000 	C:\WINDOWS\System32\CRYPT32.dll
0x00007ffc94d40000 - 0x00007ffc94d67000 	C:\WINDOWS\SYSTEM32\ncrypt.dll
0x00007ffc94d00000 - 0x00007ffc94d3b000 	C:\WINDOWS\SYSTEM32\NTASN1.dll
0x00007ffc94710000 - 0x00007ffc947da000 	C:\WINDOWS\SYSTEM32\DNSAPI.dll
0x00007ffc7d930000 - 0x00007ffc7d93a000 	C:\Windows\System32\rasadhlp.dll
0x00007ffc7dfa0000 - 0x00007ffc7e020000 	C:\WINDOWS\System32\fwpuclnt.dll
0x00007ffc63f70000 - 0x00007ffc63f79000 	C:\Users\saket\.vscode\extensions\redhat.java-1.50.0-win32-x64\jre\21.0.9-win32-x86_64\bin\extnet.dll

JVMTI agents:
c:\Users\saket\.vscode\extensions\redhat.java-1.50.0-win32-x64\lombok\lombok-1.18.39-4050.jar path:c:\Users\saket\.vscode\extensions\redhat.java-1.50.0-win32-x64\jre\21.0.9-win32-x86_64\bin\instrument.dll, loaded, initialized, instrumentlib options:none

dbghelp: loaded successfully - version: 4.0.5 - missing functions: none
symbol engine: initialized successfully - sym options: 0x614 - pdb path: .;c:\Users\saket\.vscode\extensions\redhat.java-1.50.0-win32-x64\jre\21.0.9-win32-x86_64\bin;C:\WINDOWS\SYSTEM32;C:\WINDOWS\WinSxS\amd64_microsoft.windows.common-controls_6595b64144ccf1df_6.0.19041.6456_none_60b8a6cb71f64256;c:\Users\saket\.vscode\extensions\redhat.java-1.50.0-win32-x64\jre\21.0.9-win32-x86_64\bin\server;C:\Users\saket\AppData\Roaming\Code\User\globalStorage\redhat.java\1.50.0\config_win\org.eclipse.equinox.launcher\org.eclipse.equinox.launcher.win32.win32.x86_64_1.2.1400.v20250801-0854;C:\Users\saket\AppData\Local\Temp\jna-109200716

VM Arguments:
jvm_args: --add-modules=ALL-SYSTEM --add-opens=java.base/java.util=ALL-UNNAMED --add-opens=java.base/java.lang=ALL-UNNAMED --add-opens=java.base/sun.nio.fs=ALL-UNNAMED -Declipse.application=org.eclipse.jdt.ls.core.id1 -Dosgi.bundles.defaultStartLevel=4 -Declipse.product=org.eclipse.jdt.ls.core.product -Djava.import.generatesMetadataFilesAtProjectRoot=false -DDetectVMInstallationsJob.disabled=true -Dfile.encoding=utf8 -XX:+UseParallelGC -XX:GCTimeRatio=4 -XX:AdaptiveSizePolicyWeight=90 -Dsun.zip.disableMemoryMapping=true -Xmx2G -Xms100m -Xlog:disable -javaagent:c:\Users\saket\.vscode\extensions\redhat.java-1.50.0-win32-x64\lombok\lombok-1.18.39-4050.jar -XX:+HeapDumpOnOutOfMemoryError -XX:HeapDumpPath=c:\Users\saket\AppData\Roaming\Code\User\workspaceStorage\a3b13bd575ef0c2d254deaca6e04fc43\redhat.java -Daether.dependencyCollector.impl=bf 
java_command: c:\Users\saket\.vscode\extensions\redhat.java-1.50.0-win32-x64\server\plugins\org.eclipse.equinox.launcher_1.7.100.v20251111-0406.jar -configuration c:\Users\saket\AppData\Roaming\Code\User\globalStorage\redhat.java\1.50.0\config_win -data c:\Users\saket\AppData\Roaming\Code\User\workspaceStorage\a3b13bd575ef0c2d254deaca6e04fc43\redhat.java\jdt_ws --pipe=\\.\pipe\lsp-68bf8db4d680efa71ff68c4f2a3ba3d2-sock
java_class_path (initial): c:\Users\saket\.vscode\extensions\redhat.java-1.50.0-win32-x64\server\plugins\org.eclipse.equinox.launcher_1.7.100.v20251111-0406.jar
Launcher Type: SUN_STANDARD

[Global flags]
    uintx AdaptiveSizePolicyWeight                 = 90                                        {product} {command line}
     intx CICompilerCount                          = 3                                         {product} {ergonomic}
    uintx GCTimeRatio                              = 4                                         {product} {command line}
     bool HeapDumpOnOutOfMemoryError               = true                                   {manageable} {command line}
    ccstr HeapDumpPath                             = c:\Users\saket\AppData\Roaming\Code\User\workspaceStorage\a3b13bd575ef0c2d254deaca6e04fc43\redhat.java         {manageable} {command line}
   size_t InitialHeapSize                          = 104857600                                 {product} {command line}
   size_t MaxHeapSize                              = 2147483648                                {product} {command line}
   size_t MaxNewSize                               = 715653120                                 {product} {ergonomic}
   size_t MinHeapDeltaBytes                        = 524288                                    {product} {ergonomic}
   size_t MinHeapSize                              = 104857600                                 {product} {command line}
   size_t NewSize                                  = 34603008                                  {product} {ergonomic}
    uintx NonNMethodCodeHeapSize                   = 5832780                                {pd product} {ergonomic}
    uintx NonProfiledCodeHeapSize                  = 122912730                              {pd product} {ergonomic}
   size_t OldSize                                  = 70254592                                  {product} {ergonomic}
    uintx ProfiledCodeHeapSize                     = 122912730                              {pd product} {ergonomic}
    uintx ReservedCodeCacheSize                    = 251658240                              {pd product} {ergonomic}
     bool SegmentedCodeCache                       = true                                      {product} {ergonomic}
   size_t SoftMaxHeapSize                          = 2147483648                             {manageable} {ergonomic}
     bool UseCompressedOops                        = true                           {product lp64_product} {ergonomic}
     bool UseLargePagesIndividualAllocation        = false                                  {pd product} {ergonomic}
     bool UseParallelGC                            = true                                      {product} {command line}

Logging:
Log output configuration:
 #0: stdout all=off uptime,level,tags foldmultilines=false
 #1: stderr all=off uptime,level,tags foldmultilines=false

Release file:
JAVA_VERSION="21.0.9" 
MODULES="java.base java.compiler java.datatransfer java.xml java.prefs java.desktop java.instrument java.logging java.management java.security.sasl java.naming java.rmi java.management.rmi java.net.http java.scripting java.security.jgss java.transaction.xa java.sql java.sql.rowset java.xml.crypto java.se java.smartcardio jdk.accessibility jdk.internal.jvmstat jdk.attach jdk.charsets jdk.internal.opt jdk.zipfs jdk.compiler jdk.crypto.ec jdk.crypto.cryptoki jdk.crypto.mscapi jdk.dynalink jdk.internal.ed jdk.editpad jdk.hotspot.agent jdk.httpserver jdk.internal.le jdk.internal.vm.ci jdk.internal.vm.compiler jdk.internal.vm.compiler.management jdk.jartool jdk.javadoc jdk.jcmd jdk.management jdk.management.agent jdk.jconsole jdk.jdeps jdk.jdwp.agent jdk.jdi jdk.jfr jdk.jshell jdk.jsobject jdk.jstatd jdk.localedata jdk.management.jfr jdk.naming.dns jdk.naming.rmi jdk.net jdk.nio.mapmode jdk.random jdk.sctp jdk.security.auth jdk.security.jgss jdk.unsupported jdk.unsupported.desktop jdk.xml.dom" 

Environment Variables:
PATH=C:\Python313\Scripts\;C:\Python313\;C:\Program Files (x86)\Intel\iCLS Client\;C:\Program Files\Intel\iCLS Client\;C:\windows\system32;C:\windows;C:\windows\System32\Wbem;C:\windows\System32\WindowsPowerShell\v1.0\;C:\Program Files (x86)\Intel\Intel(R) Management Engine Components\DAL;C:\Program Files\Intel\Intel(R) Management Engine Components\DAL;C:\Program Files (x86)\Intel\Intel(R) Management Engine Components\IPT;C:\Program Files\Intel\Intel(R) Management Engine Components\IPT;C:\Program Files (x86)\NVIDIA Corporation\PhysX\Common;C:\Program Files\Intel\WiFi\bin\;C:\Program Files\Common Files\Intel\WirelessCommon\;C:\WINDOWS\system32;C:\WINDOWS;C:\WINDOWS\System32\Wbem;C:\WINDOWS\System32\WindowsPowerShell\v1.0\;C:\WINDOWS\System32\OpenSSH\;C:\WINDOWS\SysWOW64;C:\Program Files\Git\cmd;F:\Python;F:\Python\Scripts;C:\ProgramData\chocolatey\bin;F:\node\;C:\Program Files\MongoDB\Server\8.2\bin;C:\Users\saket\AppData\Local\Programs\Eclipse Adoptium\jdk-25.0.1.8-hotspot\bin;C:\Users\saket\AppData\Local\Microsoft\WindowsApps;C:\Users\saket\AppData\Roaming\npm;F:\Everything\Microsoft VS Code\bin;F:\ngrok;C:\Users\saket\AppData\Local\Programs\Eclipse Adoptium\jdk-25.0.1.8-hotspot\bin;
USERNAME=saket
OS=Windows_NT
PROCESSOR_IDENTIFIER=Intel64 Family 6 Model 158 Stepping 9, GenuineIntel
TMP=C:\Users\saket\AppData\Local\Temp
TEMP=C:\Users\saket\AppData\Local\Temp




Periodic native trim disabled

---------------  S Y S T E M  ---------------

OS:
 Windows 10 , 64 bit Build 19041 (10.0.19041.5915)
OS uptime: 10 days 17:40 hours

CPU: total 4 (initial active 4) (4 cores per cpu, 1 threads per core) family 6 model 158 stepping 9 microcode 0xb4, cx8, cmov, fxsr, mmx, 3dnowpref, sse, sse2, sse3, ssse3, sse4.1, sse4.2, popcnt, lzcnt, tsc, tscinvbit, avx, avx2, aes, erms, clmul, bmi1, bmi2, adx, fma, vzeroupper, clflush, clflushopt, rdtscp, f16c
Processor Information for the first 4 processors :
  Max Mhz: 2496, Current Mhz: 2496, Mhz Limit: 2496

Memory: 4k page, system-wide physical 8077M (774M free)
TotalPageFile size 23182M (AvailPageFile size 4M)
current process WorkingSet (physical memory assigned to process): 9M, peak: 782M
current process commit charge ("private bytes"): 701M, peak: 712M

vm_info: OpenJDK 64-Bit Server VM (21.0.9+10-LTS) for windows-amd64 JRE (21.0.9+10-LTS), built on 2025-10-21T00:00:00Z by "admin" with unknown MS VC++:1942

END.
